<?xml version="1.0" encoding="UTF-8"?>
<!-- Generated by org.testng.reporters.JUnitXMLReporter -->
<testsuite ignored="2" hostname="DESKTOP-V39QH6A" failures="1" tests="2" name="Test" time="151.037" errors="0" timestamp="2022-07-07T00:42:50 IST">
  <testcase classname="com.ob.tests.creatingUser" name="createUser" time="2.71">
    <failure type="java.lang.AssertionError" message="expected [false] but found [true]">
      <![CDATA[java.lang.AssertionError: expected [false] but found [true]
at com.ob.tests.creatingUser.createUser(creatingUser.java:51)
at java.base/java.util.ArrayList.forEach(ArrayList.java:1511)
... Removed 31 stack frames]]>
    </failure>
  </testcase> <!-- createUser -->
  <testcase classname="com.ob.tests.DepositAmount" name="depositAmount" time="60.49"/>
  <testcase classname="com.ob.BaseTest.baseTest" name="@BeforeSuite initializeReport" time="0.0">
    <ignored/>
  </testcase> <!-- @BeforeSuite initializeReport -->
  <testcase classname="com.ob.BaseTest.baseTest" name="@AfterSuite closeReport" time="0.0">
    <ignored/>
  </testcase> <!-- @AfterSuite closeReport -->
</testsuite> <!-- Test -->
